Using pre-set license
Built from '2021.3/staging' branch; Version is '2021.3.18f1 (3129e69bc0c7) revision 3221990'; Using compiler version '192829333'; Build Type 'Release'
OS: 'Windows 11  (10.0.22621) 64bit Core' Language: 'en' Physical Memory: 8034 MB
BatchMode: 1, IsHumanControllingUs: 0, StartBugReporterOnCrash: 0, Is64bit: 1, IsPro: 1

COMMAND LINE ARGUMENTS:
D:\Software\2021.3.18f1-x86_64\Editor\Unity.exe
-adb2
-batchMode
-noUpm
-name
AssetImportWorker1
-projectPath
C:/Users/melvi/OneDrive/Documents/GitHub/Rooted/Kevin's Code
-logFile
Logs/AssetImportWorker1.log
-srvPort
56086
Successfully changed project path to: C:/Users/melvi/OneDrive/Documents/GitHub/Rooted/Kevin's Code
C:/Users/melvi/OneDrive/Documents/GitHub/Rooted/Kevin's Code
[UnityMemory] Configuration Parameters - Can be set up in boot.config
    "memorysetup-bucket-allocator-granularity=16"
    "memorysetup-bucket-allocator-bucket-count=8"
    "memorysetup-bucket-allocator-block-size=33554432"
    "memorysetup-bucket-allocator-block-count=8"
    "memorysetup-main-allocator-block-size=16777216"
    "memorysetup-thread-allocator-block-size=16777216"
    "memorysetup-gfx-main-allocator-block-size=16777216"
    "memorysetup-gfx-thread-allocator-block-size=16777216"
    "memorysetup-cache-allocator-block-size=4194304"
    "memorysetup-typetree-allocator-block-size=2097152"
    "memorysetup-profiler-bucket-allocator-granularity=16"
    "memorysetup-profiler-bucket-allocator-bucket-count=8"
    "memorysetup-profiler-bucket-allocator-block-size=33554432"
    "memorysetup-profiler-bucket-allocator-block-count=8"
    "memorysetup-profiler-allocator-block-size=16777216"
    "memorysetup-profiler-editor-allocator-block-size=1048576"
    "memorysetup-temp-allocator-size-main=16777216"
    "memorysetup-job-temp-allocator-block-size=2097152"
    "memorysetup-job-temp-allocator-block-size-background=1048576"
    "memorysetup-job-temp-allocator-reduction-small-platforms=262144"
    "memorysetup-temp-allocator-size-background-worker=32768"
    "memorysetup-temp-allocator-size-job-worker=262144"
    "memorysetup-temp-allocator-size-preload-manager=33554432"
    "memorysetup-temp-allocator-size-nav-mesh-worker=65536"
    "memorysetup-temp-allocator-size-audio-worker=65536"
    "memorysetup-temp-allocator-size-cloud-worker=32768"
    "memorysetup-temp-allocator-size-gi-baking-worker=262144"
    "memorysetup-temp-allocator-size-gfx=262144"
Player connection [19108] Host "[IP] 192.168.1.191 [Port] 0 [Flags] 2 [Guid] 1692477766 [EditorId] 1692477766 [Version] 1048832 [Id] WindowsEditor(7,TABLET-9NI6VNFI) [Debug] 1 [PackageName] WindowsEditor [ProjectName] Editor" joined multi-casting on [225.0.0.222:54997]...

Player connection [19108] Host "[IP] 192.168.1.191 [Port] 0 [Flags] 2 [Guid] 1692477766 [EditorId] 1692477766 [Version] 1048832 [Id] WindowsEditor(7,TABLET-9NI6VNFI) [Debug] 1 [PackageName] WindowsEditor [ProjectName] Editor" joined alternative multi-casting on [225.0.0.222:34997]...

Refreshing native plugins compatible for Editor in 308.47 ms, found 3 plugins.
Preloading 0 native plugins for Editor in 0.00 ms.
Initialize engine version: 2021.3.18f1 (3129e69bc0c7)
[Subsystems] Discovering subsystems at path D:/Software/2021.3.18f1-x86_64/Editor/Data/Resources/UnitySubsystems
[Subsystems] Discovering subsystems at path C:/Users/melvi/OneDrive/Documents/GitHub/Rooted/Kevin's Code/Assets
GfxDevice: creating device client; threaded=0; jobified=0
Direct3D:
    Version:  Direct3D 11.0 [level 11.1]
    Renderer: Intel(R) Iris(R) Xe Graphics (ID=0x9a49)
    Vendor:   Intel
    VRAM:     4017 MB
    Driver:   27.20.100.9621
Initialize mono
Mono path[0] = 'D:/Software/2021.3.18f1-x86_64/Editor/Data/Managed'
Mono path[1] = 'D:/Software/2021.3.18f1-x86_64/Editor/Data/MonoBleedingEdge/lib/mono/unityjit-win32'
Mono config path = 'D:/Software/2021.3.18f1-x86_64/Editor/Data/MonoBleedingEdge/etc'
Using monoOptions --debugger-agent=transport=dt_socket,embedding=1,server=y,suspend=n,address=127.0.0.1:56864
Begin MonoManager ReloadAssembly
Registering precompiled unity dll's ...
Register platform support module: D:/Software/2021.3.18f1-x86_64/Editor/Data/PlaybackEngines/WebGLSupport/UnityEditor.WebGL.Extensions.dll
Register platform support module: D:/Software/2021.3.18f1-x86_64/Editor/Data/PlaybackEngines/WindowsStandaloneSupport/UnityEditor.WindowsStandalone.Extensions.dll
Registered in 0.977437 seconds.
Native extension for WindowsStandalone target not found
Native extension for WebGL target not found
Refreshing native plugins compatible for Editor in 133.12 ms, found 3 plugins.
Preloading 0 native plugins for Editor in 0.00 ms.
Mono: successfully reloaded assembly
- Completed reload, in 19.069 seconds
Domain Reload Profiling:
	ReloadAssembly (19071ms)
		BeginReloadAssembly (16658ms)
			ExecutionOrderSort (0ms)
			DisableScriptedObjects (0ms)
			BackupInstance (0ms)
			ReleaseScriptingObjects (0ms)
			CreateAndSetChildDomain (9ms)
		EndReloadAssembly (1113ms)
			LoadAssemblies (16663ms)
			RebuildTransferFunctionScriptingTraits (5ms)
			SetupTypeCache (294ms)
			ReleaseScriptCaches (0ms)
			RebuildScriptCaches (49ms)
			SetupLoadedEditorAssemblies (620ms)
				LogAssemblyErrors (0ms)
				InitializePlatformSupportModulesInManaged (19ms)
				SetLoadedEditorAssemblies (0ms)
				RefreshPlugins (133ms)
				BeforeProcessingInitializeOnLoad (8ms)
				ProcessInitializeOnLoadAttributes (342ms)
				ProcessInitializeOnLoadMethodAttributes (115ms)
				AfterProcessingInitializeOnLoad (0ms)
				EditorAssembliesLoaded (1ms)
			ExecutionOrderSort2 (0ms)
			AwakeInstancesAfterBackupRestoration (0ms)
Platform modules already initialized, skipping
Registering precompiled user dll's ...
Registered in 0.023724 seconds.
Begin MonoManager ReloadAssembly
Symbol file LoadedFromMemory doesn't match image C:\Users\melvi\OneDrive\Documents\GitHub\Rooted\Kevin's Code\Library\PackageCache\com.unity.visualscripting@1.8.0\Editor\VisualScripting.Core\Dependencies\YamlDotNet\Unity.VisualScripting.YamlDotNet.dll
Symbol file LoadedFromMemory doesn't match image C:\Users\melvi\OneDrive\Documents\GitHub\Rooted\Kevin's Code\Library\PackageCache\com.unity.visualscripting@1.8.0\Editor\VisualScripting.Core\Dependencies\DotNetZip\Unity.VisualScripting.IonicZip.dll
Native extension for WindowsStandalone target not found
Native extension for WebGL target not found
Refreshing native plugins compatible for Editor in 1.04 ms, found 3 plugins.
Preloading 0 native plugins for Editor in 0.00 ms.
Mono: successfully reloaded assembly
- Completed reload, in  2.735 seconds
Domain Reload Profiling:
	ReloadAssembly (2737ms)
		BeginReloadAssembly (680ms)
			ExecutionOrderSort (0ms)
			DisableScriptedObjects (8ms)
			BackupInstance (0ms)
			ReleaseScriptingObjects (0ms)
			CreateAndSetChildDomain (52ms)
		EndReloadAssembly (1794ms)
			LoadAssemblies (637ms)
			RebuildTransferFunctionScriptingTraits (0ms)
			SetupTypeCache (590ms)
			ReleaseScriptCaches (3ms)
			RebuildScriptCaches (162ms)
			SetupLoadedEditorAssemblies (757ms)
				LogAssemblyErrors (0ms)
				InitializePlatformSupportModulesInManaged (16ms)
				SetLoadedEditorAssemblies (1ms)
				RefreshPlugins (1ms)
				BeforeProcessingInitializeOnLoad (110ms)
				ProcessInitializeOnLoadAttributes (567ms)
				ProcessInitializeOnLoadMethodAttributes (31ms)
				AfterProcessingInitializeOnLoad (29ms)
				EditorAssembliesLoaded (0ms)
			ExecutionOrderSort2 (0ms)
			AwakeInstancesAfterBackupRestoration (15ms)
Platform modules already initialized, skipping
========================================================================
Worker process is ready to serve import requests
Launched and connected shader compiler UnityShaderCompiler.exe after 0.21 seconds
Refreshing native plugins compatible for Editor in 1.22 ms, found 3 plugins.
Preloading 0 native plugins for Editor in 0.00 ms.
Unloading 2934 Unused Serialized files (Serialized files now loaded: 0)
Unloading 21 unused Assets / (56.1 KB). Loaded Objects now: 3398.
Memory consumption went from 105.2 MB to 105.2 MB.
Total: 27.062500 ms (FindLiveObjects: 1.803800 ms CreateObjectMapping: 1.471400 ms MarkObjects: 23.008500 ms  DeleteObjects: 0.776300 ms)

AssetImportParameters requested are different than current active one (requested -> active):
  custom:video-decoder-ogg-theora: a1e56fd34408186e4bbccfd4996cb3dc -> 
  custom:container-muxer-webm: aa71ff27fc2769a1b78a27578f13a17b -> 
  custom:container-demuxer-webm: 4f35f7cbe854078d1ac9338744f61a02 -> 
  custom:video-encoder-webm-vp8: eb34c28f22e8b96e1ab97ce403110664 -> 
  custom:video-codec-MediaFoundation-h265: 746d11721c4dcdbdad8f713fa42b33f4 -> 
  custom:audio-encoder-webm-vorbis: bf7c407c2cedff20999df2af8eb42d56 -> 
  custom:framework-win-MediaFoundation: 216162199b28c13a410421893ffa2e32 -> 
  custom:container-demuxer-ogg: 62fdf1f143b41e24485cea50d1cbac27 -> 
  custom:video-decoder-webm-vp8: 9c59270c3fd7afecdb556c50c9e8de78 -> 
  custom:audio-decoder-ogg-vorbis: bf7c407c2cedff20999df2af8eb42d56 -> 
========================================================================
Received Import Request.
  Time since last request: 12586.104390 seconds.
  path: Assets/Poses/adventurer_hurt.png
  artifactKey: Guid(5d4a9c33fd2f75b48b9c429eeb2ce59e) Importer(815301076,1909f56bfc062723c751e8b465ee728b)
Start importing Assets/Poses/adventurer_hurt.png using Guid(5d4a9c33fd2f75b48b9c429eeb2ce59e) Importer(815301076,1909f56bfc062723c751e8b465ee728b)  -> (artifact id: '5596872f6cd324c44cd51e7c978b1398') in 0.730652 seconds 
========================================================================
Received Import Request.
  Time since last request: 0.000056 seconds.
  path: Assets/Poses/adventurer_hold2.png
  artifactKey: Guid(16a8bdfa51327a840bf8fd3d7c6bc6a2) Importer(815301076,1909f56bfc062723c751e8b465ee728b)
Start importing Assets/Poses/adventurer_hold2.png using Guid(16a8bdfa51327a840bf8fd3d7c6bc6a2) Importer(815301076,1909f56bfc062723c751e8b465ee728b)  -> (artifact id: '08cf5cb4f47e84b5655e0b948bc15ddf') in 0.107022 seconds 
========================================================================
Received Import Request.
  Time since last request: 0.000036 seconds.
  path: Assets/Poses/adventurer_talk.png
  artifactKey: Guid(1157f6dd1ba07dd4f8b030869df63db3) Importer(815301076,1909f56bfc062723c751e8b465ee728b)
Start importing Assets/Poses/adventurer_talk.png using Guid(1157f6dd1ba07dd4f8b030869df63db3) Importer(815301076,1909f56bfc062723c751e8b465ee728b)  -> (artifact id: '431d5b8e9357874fe2b4bd45b3d8d3a3') in 0.050602 seconds 
========================================================================
Received Import Request.
  Time since last request: 0.000192 seconds.
  path: Assets/Poses/adventurer_duck.png
  artifactKey: Guid(4ab6bacc1ba4c224f8b8106a53179be5) Importer(815301076,1909f56bfc062723c751e8b465ee728b)
Start importing Assets/Poses/adventurer_duck.png using Guid(4ab6bacc1ba4c224f8b8106a53179be5) Importer(815301076,1909f56bfc062723c751e8b465ee728b)  -> (artifact id: '48064ffcd42af3231402ee7a5721bf3d') in 0.053943 seconds 
========================================================================
Received Import Request.
  Time since last request: 0.000070 seconds.
  path: Assets/Poses/adventurer_cheer2.png
  artifactKey: Guid(511067a5c52e6a744ade7a46669d04fc) Importer(815301076,1909f56bfc062723c751e8b465ee728b)
Start importing Assets/Poses/adventurer_cheer2.png using Guid(511067a5c52e6a744ade7a46669d04fc) Importer(815301076,1909f56bfc062723c751e8b465ee728b)  -> (artifact id: '41129472c7af1ac42da8d0946652311f') in 0.066735 seconds 
========================================================================
Received Import Request.
  Time since last request: 0.000045 seconds.
  path: Assets/Poses/adventurer_fall.png
  artifactKey: Guid(eda4b8dace5fafe4aa3fa0ca04abf55a) Importer(815301076,1909f56bfc062723c751e8b465ee728b)
Start importing Assets/Poses/adventurer_fall.png using Guid(eda4b8dace5fafe4aa3fa0ca04abf55a) Importer(815301076,1909f56bfc062723c751e8b465ee728b)  -> (artifact id: '492920993e8d484b8bae9f82ccfbd3fd') in 0.063585 seconds 
========================================================================
Received Import Request.
  Time since last request: 0.000053 seconds.
  path: Assets/Poses/adventurer_cheer1.png
  artifactKey: Guid(0dad2e2dc79c64247adf2886a381c334) Importer(815301076,1909f56bfc062723c751e8b465ee728b)
Start importing Assets/Poses/adventurer_cheer1.png using Guid(0dad2e2dc79c64247adf2886a381c334) Importer(815301076,1909f56bfc062723c751e8b465ee728b)  -> (artifact id: '71b96bcb5e49cf2b9a7e8c3299da0d10') in 0.080841 seconds 
========================================================================
Received Import Request.
  Time since last request: 0.000044 seconds.
  path: Assets/Poses/adventurer_skid.png
  artifactKey: Guid(c677a7f3602c32647bf3f5a23edd2117) Importer(815301076,1909f56bfc062723c751e8b465ee728b)
Start importing Assets/Poses/adventurer_skid.png using Guid(c677a7f3602c32647bf3f5a23edd2117) Importer(815301076,1909f56bfc062723c751e8b465ee728b)  -> (artifact id: 'ae99f1ce233bafbe3de82205d6b0930d') in 0.077345 seconds 
========================================================================
Received Import Request.
  Time since last request: 0.000050 seconds.
  path: Assets/Poses/adventurer_walk1.png
  artifactKey: Guid(4ea6d280fdaf5384c85e34c7b9b02c95) Importer(815301076,1909f56bfc062723c751e8b465ee728b)
Start importing Assets/Poses/adventurer_walk1.png using Guid(4ea6d280fdaf5384c85e34c7b9b02c95) Importer(815301076,1909f56bfc062723c751e8b465ee728b)  -> (artifact id: '05cade64f1ba3c6cd5b4a0c4644ccac3') in 0.095084 seconds 
========================================================================
Received Import Request.
  Time since last request: 0.000083 seconds.
  path: Assets/Poses/adventurer_climb2.png
  artifactKey: Guid(9fb0e65a65d16734d9baa17896735d7e) Importer(815301076,1909f56bfc062723c751e8b465ee728b)
Start importing Assets/Poses/adventurer_climb2.png using Guid(9fb0e65a65d16734d9baa17896735d7e) Importer(815301076,1909f56bfc062723c751e8b465ee728b)  -> (artifact id: '3be820da73e3976c6a785cfb282d3a99') in 0.066599 seconds 
========================================================================
Received Import Request.
  Time since last request: 0.000038 seconds.
  path: Assets/Poses/adventurer_climb1.png
  artifactKey: Guid(760a16484dd3c044bac4cff7a93a9284) Importer(815301076,1909f56bfc062723c751e8b465ee728b)
Start importing Assets/Poses/adventurer_climb1.png using Guid(760a16484dd3c044bac4cff7a93a9284) Importer(815301076,1909f56bfc062723c751e8b465ee728b)  -> (artifact id: '1d4ca8f26a5e04b9b2f9fd878faaaea3') in 0.040690 seconds 
========================================================================
Received Import Request.
  Time since last request: 0.000031 seconds.
  path: Assets/Poses/adventurer_action1.png
  artifactKey: Guid(2ed3048984d9c8942b4c24cf3e32a4eb) Importer(815301076,1909f56bfc062723c751e8b465ee728b)
Start importing Assets/Poses/adventurer_action1.png using Guid(2ed3048984d9c8942b4c24cf3e32a4eb) Importer(815301076,1909f56bfc062723c751e8b465ee728b)  -> (artifact id: '8a3a64179dea1a3d965c13d0c6b03b41') in 0.045234 seconds 
========================================================================
Received Import Request.
  Time since last request: 0.000054 seconds.
  path: Assets/Poses/adventurer_swim1.png
  artifactKey: Guid(8c1aca30c38580c4994bb6f6bed822b3) Importer(815301076,1909f56bfc062723c751e8b465ee728b)
Start importing Assets/Poses/adventurer_swim1.png using Guid(8c1aca30c38580c4994bb6f6bed822b3) Importer(815301076,1909f56bfc062723c751e8b465ee728b)  -> (artifact id: '4f5c6334f0e884b6a2d36254a1a9939a') in 0.053973 seconds 
========================================================================
Received Import Request.
  Time since last request: 0.000037 seconds.
  path: Assets/Poses/adventurer_stand.png
  artifactKey: Guid(3f321efdb1a19ce4dad264e9e6ea83a7) Importer(815301076,1909f56bfc062723c751e8b465ee728b)
Start importing Assets/Poses/adventurer_stand.png using Guid(3f321efdb1a19ce4dad264e9e6ea83a7) Importer(815301076,1909f56bfc062723c751e8b465ee728b)  -> (artifact id: 'b8ca11958827043e8b1f31d4e6ced9b0') in 0.068653 seconds 
========================================================================
Received Import Request.
  Time since last request: 588.874232 seconds.
  path: Assets/Sprites/backend.png
  artifactKey: Guid(4d4aca499c8e7db48ab0f16c2203ad1a) Importer(815301076,1909f56bfc062723c751e8b465ee728b)
Start importing Assets/Sprites/backend.png using Guid(4d4aca499c8e7db48ab0f16c2203ad1a) Importer(815301076,1909f56bfc062723c751e8b465ee728b)  -> (artifact id: '7c862d6b6933c9d67546108c30a297f7') in 0.624542 seconds 
========================================================================
Received Import Request.
  Time since last request: 0.000081 seconds.
  path: Assets/Sprites/kitchen.png
  artifactKey: Guid(ab2d68ecb05c0814dbb8e1eb9757745b) Importer(815301076,1909f56bfc062723c751e8b465ee728b)
Start importing Assets/Sprites/kitchen.png using Guid(ab2d68ecb05c0814dbb8e1eb9757745b) Importer(815301076,1909f56bfc062723c751e8b465ee728b)  -> (artifact id: '4a2f15f34d5cde8315e77eb09fff4d14') in 0.501821 seconds 
========================================================================
Received Import Request.
  Time since last request: 0.000058 seconds.
  path: Assets/Sprites/staris2.png
  artifactKey: Guid(98c404aa42e2a114995ae2a12b27016b) Importer(815301076,1909f56bfc062723c751e8b465ee728b)
Start importing Assets/Sprites/staris2.png using Guid(98c404aa42e2a114995ae2a12b27016b) Importer(815301076,1909f56bfc062723c751e8b465ee728b)  -> (artifact id: 'e00ce4af0887567cd24422ac12422a0c') in 0.353484 seconds 
========================================================================
Received Import Request.
  Time since last request: 0.000044 seconds.
  path: Assets/Sprites/brokenradio.png
  artifactKey: Guid(9c42dfe1b92ed594795a3bcf969653c8) Importer(815301076,1909f56bfc062723c751e8b465ee728b)
Start importing Assets/Sprites/brokenradio.png using Guid(9c42dfe1b92ed594795a3bcf969653c8) Importer(815301076,1909f56bfc062723c751e8b465ee728b)  -> (artifact id: '8c0a01dcaf54e2fb1a045cfeb988760b') in 0.369009 seconds 
========================================================================
Received Import Request.
  Time since last request: 0.000187 seconds.
  path: Assets/Sprites/gun.png
  artifactKey: Guid(0e5fe7fab6b53be479d7d1b30203cd78) Importer(815301076,1909f56bfc062723c751e8b465ee728b)
Start importing Assets/Sprites/gun.png using Guid(0e5fe7fab6b53be479d7d1b30203cd78) Importer(815301076,1909f56bfc062723c751e8b465ee728b)  -> (artifact id: '0cbfbf3d092c5d3373594ccf2c1c3e7d') in 0.063792 seconds 
========================================================================
Received Import Request.
  Time since last request: 0.000045 seconds.
  path: Assets/Sprites/coal.png
  artifactKey: Guid(54237db31d016e04c8289f3547902fc1) Importer(815301076,1909f56bfc062723c751e8b465ee728b)
Start importing Assets/Sprites/coal.png using Guid(54237db31d016e04c8289f3547902fc1) Importer(815301076,1909f56bfc062723c751e8b465ee728b)  -> (artifact id: '4f3b458188ca3036b2c55dfd7829b6f1') in 0.034918 seconds 
========================================================================
Received Import Request.
  Time since last request: 0.000044 seconds.
  path: Assets/Sprites/dininghall.png
  artifactKey: Guid(c41ee770ded867b43a9ce2f14c3b43dc) Importer(815301076,1909f56bfc062723c751e8b465ee728b)
Start importing Assets/Sprites/dininghall.png using Guid(c41ee770ded867b43a9ce2f14c3b43dc) Importer(815301076,1909f56bfc062723c751e8b465ee728b)  -> (artifact id: 'f2cf5d3474a73076d951fbe8a301eb9c') in 0.298035 seconds 
========================================================================
Received Import Request.
  Time since last request: 0.000057 seconds.
  path: Assets/Sprites/radio.png
  artifactKey: Guid(bb4c528b1f012154b94fe68a7e02ab25) Importer(815301076,1909f56bfc062723c751e8b465ee728b)
Start importing Assets/Sprites/radio.png using Guid(bb4c528b1f012154b94fe68a7e02ab25) Importer(815301076,1909f56bfc062723c751e8b465ee728b)  -> (artifact id: 'e1fb5067383c0623a303fba58fc93495') in 0.176006 seconds 
========================================================================
Received Import Request.
  Time since last request: 0.000091 seconds.
  path: Assets/Sprites/pngkey.com-jungle-tree-png-1860506.png
  artifactKey: Guid(cede208d4308f9142a4920d17c818582) Importer(815301076,1909f56bfc062723c751e8b465ee728b)
Start importing Assets/Sprites/pngkey.com-jungle-tree-png-1860506.png using Guid(cede208d4308f9142a4920d17c818582) Importer(815301076,1909f56bfc062723c751e8b465ee728b)  -> (artifact id: '15f3cb890be7a392c4c2604dd74c4eeb') in 0.569314 seconds 
========================================================================
Received Import Request.
  Time since last request: 0.000054 seconds.
  path: Assets/Sprites/commandcentresteering.png
  artifactKey: Guid(6a5c246aa8dd40848a41d9ffde089ec9) Importer(815301076,1909f56bfc062723c751e8b465ee728b)
Start importing Assets/Sprites/commandcentresteering.png using Guid(6a5c246aa8dd40848a41d9ffde089ec9) Importer(815301076,1909f56bfc062723c751e8b465ee728b)  -> (artifact id: '457df0859430a4673c69e86cc18e8d03') in 0.466776 seconds 
========================================================================
Received Import Request.
  Time since last request: 0.000084 seconds.
  path: Assets/Sprites/boot.png
  artifactKey: Guid(ce0e052dfa7aaa6428cfcbbd1477c901) Importer(815301076,1909f56bfc062723c751e8b465ee728b)
Start importing Assets/Sprites/boot.png using Guid(ce0e052dfa7aaa6428cfcbbd1477c901) Importer(815301076,1909f56bfc062723c751e8b465ee728b)  -> (artifact id: '3ae29be04f9577094b872815e52c140b') in 0.089378 seconds 
========================================================================
Received Import Request.
  Time since last request: 0.000041 seconds.
  path: Assets/Sprites/cannons1.png
  artifactKey: Guid(93a6d2ddb06fe1c438ce9b1164dcfea7) Importer(815301076,1909f56bfc062723c751e8b465ee728b)
Start importing Assets/Sprites/cannons1.png using Guid(93a6d2ddb06fe1c438ce9b1164dcfea7) Importer(815301076,1909f56bfc062723c751e8b465ee728b)  -> (artifact id: '53d005b16541cf417bed011cb328059d') in 0.323121 seconds 
========================================================================
Received Import Request.
  Time since last request: 0.000046 seconds.
  path: Assets/Sprites/stairs.png
  artifactKey: Guid(704e80b828cbec740883bcdbd7ffba5e) Importer(815301076,1909f56bfc062723c751e8b465ee728b)
Start importing Assets/Sprites/stairs.png using Guid(704e80b828cbec740883bcdbd7ffba5e) Importer(815301076,1909f56bfc062723c751e8b465ee728b)  -> (artifact id: '4ec6b5da866f7ba63b9f836f8fdbe0b7') in 0.314295 seconds 
