Using pre-set license
Built from '2021.3/staging' branch; Version is '2021.3.18f1 (3129e69bc0c7) revision 3221990'; Using compiler version '192829333'; Build Type 'Release'
OS: 'Windows 11  (10.0.22621) 64bit Core' Language: 'en' Physical Memory: 8034 MB
BatchMode: 1, IsHumanControllingUs: 0, StartBugReporterOnCrash: 0, Is64bit: 1, IsPro: 1

COMMAND LINE ARGUMENTS:
D:\Software\2021.3.18f1-x86_64\Editor\Unity.exe
-adb2
-batchMode
-noUpm
-name
AssetImportWorker0
-projectPath
C:/Users/melvi/OneDrive/Documents/GitHub/Rooted/Kevin's Code
-logFile
Logs/AssetImportWorker0.log
-srvPort
56086
Successfully changed project path to: C:/Users/melvi/OneDrive/Documents/GitHub/Rooted/Kevin's Code
C:/Users/melvi/OneDrive/Documents/GitHub/Rooted/Kevin's Code
[UnityMemory] Configuration Parameters - Can be set up in boot.config
    "memorysetup-bucket-allocator-granularity=16"
    "memorysetup-bucket-allocator-bucket-count=8"
    "memorysetup-bucket-allocator-block-size=33554432"
    "memorysetup-bucket-allocator-block-count=8"
    "memorysetup-main-allocator-block-size=16777216"
    "memorysetup-thread-allocator-block-size=16777216"
    "memorysetup-gfx-main-allocator-block-size=16777216"
    "memorysetup-gfx-thread-allocator-block-size=16777216"
    "memorysetup-cache-allocator-block-size=4194304"
    "memorysetup-typetree-allocator-block-size=2097152"
    "memorysetup-profiler-bucket-allocator-granularity=16"
    "memorysetup-profiler-bucket-allocator-bucket-count=8"
    "memorysetup-profiler-bucket-allocator-block-size=33554432"
    "memorysetup-profiler-bucket-allocator-block-count=8"
    "memorysetup-profiler-allocator-block-size=16777216"
    "memorysetup-profiler-editor-allocator-block-size=1048576"
    "memorysetup-temp-allocator-size-main=16777216"
    "memorysetup-job-temp-allocator-block-size=2097152"
    "memorysetup-job-temp-allocator-block-size-background=1048576"
    "memorysetup-job-temp-allocator-reduction-small-platforms=262144"
    "memorysetup-temp-allocator-size-background-worker=32768"
    "memorysetup-temp-allocator-size-job-worker=262144"
    "memorysetup-temp-allocator-size-preload-manager=33554432"
    "memorysetup-temp-allocator-size-nav-mesh-worker=65536"
    "memorysetup-temp-allocator-size-audio-worker=65536"
    "memorysetup-temp-allocator-size-cloud-worker=32768"
    "memorysetup-temp-allocator-size-gi-baking-worker=262144"
    "memorysetup-temp-allocator-size-gfx=262144"
Player connection [21252] Host "[IP] 192.168.1.191 [Port] 0 [Flags] 2 [Guid] 1218900882 [EditorId] 1218900882 [Version] 1048832 [Id] WindowsEditor(7,TABLET-9NI6VNFI) [Debug] 1 [PackageName] WindowsEditor [ProjectName] Editor" joined multi-casting on [225.0.0.222:54997]...

Player connection [21252] Host "[IP] 192.168.1.191 [Port] 0 [Flags] 2 [Guid] 1218900882 [EditorId] 1218900882 [Version] 1048832 [Id] WindowsEditor(7,TABLET-9NI6VNFI) [Debug] 1 [PackageName] WindowsEditor [ProjectName] Editor" joined alternative multi-casting on [225.0.0.222:34997]...

Refreshing native plugins compatible for Editor in 308.44 ms, found 3 plugins.
Preloading 0 native plugins for Editor in 0.00 ms.
Initialize engine version: 2021.3.18f1 (3129e69bc0c7)
[Subsystems] Discovering subsystems at path D:/Software/2021.3.18f1-x86_64/Editor/Data/Resources/UnitySubsystems
[Subsystems] Discovering subsystems at path C:/Users/melvi/OneDrive/Documents/GitHub/Rooted/Kevin's Code/Assets
GfxDevice: creating device client; threaded=0; jobified=0
Direct3D:
    Version:  Direct3D 11.0 [level 11.1]
    Renderer: Intel(R) Iris(R) Xe Graphics (ID=0x9a49)
    Vendor:   Intel
    VRAM:     4017 MB
    Driver:   27.20.100.9621
Initialize mono
Mono path[0] = 'D:/Software/2021.3.18f1-x86_64/Editor/Data/Managed'
Mono path[1] = 'D:/Software/2021.3.18f1-x86_64/Editor/Data/MonoBleedingEdge/lib/mono/unityjit-win32'
Mono config path = 'D:/Software/2021.3.18f1-x86_64/Editor/Data/MonoBleedingEdge/etc'
Using monoOptions --debugger-agent=transport=dt_socket,embedding=1,server=y,suspend=n,address=127.0.0.1:56540
Begin MonoManager ReloadAssembly
Registering precompiled unity dll's ...
Register platform support module: D:/Software/2021.3.18f1-x86_64/Editor/Data/PlaybackEngines/WebGLSupport/UnityEditor.WebGL.Extensions.dll
Register platform support module: D:/Software/2021.3.18f1-x86_64/Editor/Data/PlaybackEngines/WindowsStandaloneSupport/UnityEditor.WindowsStandalone.Extensions.dll
Registered in 0.977359 seconds.
Native extension for WindowsStandalone target not found
Native extension for WebGL target not found
Refreshing native plugins compatible for Editor in 128.65 ms, found 3 plugins.
Preloading 0 native plugins for Editor in 0.00 ms.
Mono: successfully reloaded assembly
- Completed reload, in 19.068 seconds
Domain Reload Profiling:
	ReloadAssembly (19073ms)
		BeginReloadAssembly (16658ms)
			ExecutionOrderSort (0ms)
			DisableScriptedObjects (0ms)
			BackupInstance (0ms)
			ReleaseScriptingObjects (0ms)
			CreateAndSetChildDomain (9ms)
		EndReloadAssembly (1119ms)
			LoadAssemblies (16666ms)
			RebuildTransferFunctionScriptingTraits (5ms)
			SetupTypeCache (294ms)
			ReleaseScriptCaches (0ms)
			RebuildScriptCaches (57ms)
			SetupLoadedEditorAssemblies (613ms)
				LogAssemblyErrors (0ms)
				InitializePlatformSupportModulesInManaged (17ms)
				SetLoadedEditorAssemblies (1ms)
				RefreshPlugins (129ms)
				BeforeProcessingInitializeOnLoad (8ms)
				ProcessInitializeOnLoadAttributes (342ms)
				ProcessInitializeOnLoadMethodAttributes (116ms)
				AfterProcessingInitializeOnLoad (0ms)
				EditorAssembliesLoaded (1ms)
			ExecutionOrderSort2 (0ms)
			AwakeInstancesAfterBackupRestoration (0ms)
Platform modules already initialized, skipping
Registering precompiled user dll's ...
Registered in 0.022978 seconds.
Begin MonoManager ReloadAssembly
Symbol file LoadedFromMemory doesn't match image C:\Users\melvi\OneDrive\Documents\GitHub\Rooted\Kevin's Code\Library\PackageCache\com.unity.visualscripting@1.8.0\Editor\VisualScripting.Core\Dependencies\YamlDotNet\Unity.VisualScripting.YamlDotNet.dll
Symbol file LoadedFromMemory doesn't match image C:\Users\melvi\OneDrive\Documents\GitHub\Rooted\Kevin's Code\Library\PackageCache\com.unity.visualscripting@1.8.0\Editor\VisualScripting.Core\Dependencies\DotNetZip\Unity.VisualScripting.IonicZip.dll
Native extension for WindowsStandalone target not found
Native extension for WebGL target not found
Refreshing native plugins compatible for Editor in 0.88 ms, found 3 plugins.
Preloading 0 native plugins for Editor in 0.00 ms.
Mono: successfully reloaded assembly
- Completed reload, in  2.735 seconds
Domain Reload Profiling:
	ReloadAssembly (2737ms)
		BeginReloadAssembly (673ms)
			ExecutionOrderSort (0ms)
			DisableScriptedObjects (8ms)
			BackupInstance (0ms)
			ReleaseScriptingObjects (0ms)
			CreateAndSetChildDomain (50ms)
		EndReloadAssembly (1796ms)
			LoadAssemblies (627ms)
			RebuildTransferFunctionScriptingTraits (0ms)
			SetupTypeCache (579ms)
			ReleaseScriptCaches (2ms)
			RebuildScriptCaches (169ms)
			SetupLoadedEditorAssemblies (776ms)
				LogAssemblyErrors (0ms)
				InitializePlatformSupportModulesInManaged (12ms)
				SetLoadedEditorAssemblies (1ms)
				RefreshPlugins (1ms)
				BeforeProcessingInitializeOnLoad (119ms)
				ProcessInitializeOnLoadAttributes (580ms)
				ProcessInitializeOnLoadMethodAttributes (34ms)
				AfterProcessingInitializeOnLoad (28ms)
				EditorAssembliesLoaded (0ms)
			ExecutionOrderSort2 (0ms)
			AwakeInstancesAfterBackupRestoration (15ms)
Platform modules already initialized, skipping
========================================================================
Worker process is ready to serve import requests
Launched and connected shader compiler UnityShaderCompiler.exe after 0.21 seconds
Refreshing native plugins compatible for Editor in 0.99 ms, found 3 plugins.
Preloading 0 native plugins for Editor in 0.00 ms.
Unloading 2934 Unused Serialized files (Serialized files now loaded: 0)
Unloading 21 unused Assets / (56.1 KB). Loaded Objects now: 3398.
Memory consumption went from 105.2 MB to 105.2 MB.
Total: 16.553200 ms (FindLiveObjects: 1.226000 ms CreateObjectMapping: 0.474600 ms MarkObjects: 14.608400 ms  DeleteObjects: 0.239900 ms)

AssetImportParameters requested are different than current active one (requested -> active):
  custom:video-decoder-ogg-theora: a1e56fd34408186e4bbccfd4996cb3dc -> 
  custom:container-muxer-webm: aa71ff27fc2769a1b78a27578f13a17b -> 
  custom:container-demuxer-webm: 4f35f7cbe854078d1ac9338744f61a02 -> 
  custom:video-encoder-webm-vp8: eb34c28f22e8b96e1ab97ce403110664 -> 
  custom:video-codec-MediaFoundation-h265: 746d11721c4dcdbdad8f713fa42b33f4 -> 
  custom:audio-encoder-webm-vorbis: bf7c407c2cedff20999df2af8eb42d56 -> 
  custom:framework-win-MediaFoundation: 216162199b28c13a410421893ffa2e32 -> 
  custom:container-demuxer-ogg: 62fdf1f143b41e24485cea50d1cbac27 -> 
  custom:video-decoder-webm-vp8: 9c59270c3fd7afecdb556c50c9e8de78 -> 
  custom:audio-decoder-ogg-vorbis: bf7c407c2cedff20999df2af8eb42d56 -> 
========================================================================
Received Import Request.
  Time since last request: 12586.104354 seconds.
  path: Assets/Poses/adventurer_kick.png
  artifactKey: Guid(fa051e4cb977082468b214cca9753e73) Importer(815301076,1909f56bfc062723c751e8b465ee728b)
Start importing Assets/Poses/adventurer_kick.png using Guid(fa051e4cb977082468b214cca9753e73) Importer(815301076,1909f56bfc062723c751e8b465ee728b)  -> (artifact id: 'e86def2558696693b3534fcadf4f8670') in 0.730739 seconds 
========================================================================
Received Import Request.
  Time since last request: 0.000097 seconds.
  path: Assets/Poses/adventurer_walk2_mirror.png
  artifactKey: Guid(4d51ba519076771458733502c795098e) Importer(815301076,1909f56bfc062723c751e8b465ee728b)
Start importing Assets/Poses/adventurer_walk2_mirror.png using Guid(4d51ba519076771458733502c795098e) Importer(815301076,1909f56bfc062723c751e8b465ee728b)  -> (artifact id: '8518ad81e4b456a4c3de2715afaea5f1') in 0.115275 seconds 
========================================================================
Received Import Request.
  Time since last request: 0.000034 seconds.
  path: Assets/Poses/adventurer_hang.png
  artifactKey: Guid(478fb222da356f045b59babf9438a19a) Importer(815301076,1909f56bfc062723c751e8b465ee728b)
Start importing Assets/Poses/adventurer_hang.png using Guid(478fb222da356f045b59babf9438a19a) Importer(815301076,1909f56bfc062723c751e8b465ee728b)  -> (artifact id: '585f34db85b5af352cdbac2e63ede852') in 0.058712 seconds 
========================================================================
Received Import Request.
  Time since last request: 0.000029 seconds.
  path: Assets/Poses/adventurer_back.png
  artifactKey: Guid(22ff52bb8db9b1f47b65563e5116b8d6) Importer(815301076,1909f56bfc062723c751e8b465ee728b)
Start importing Assets/Poses/adventurer_back.png using Guid(22ff52bb8db9b1f47b65563e5116b8d6) Importer(815301076,1909f56bfc062723c751e8b465ee728b)  -> (artifact id: 'a807c839b249524300ce0b64fc9d090b') in 0.053585 seconds 
========================================================================
Received Import Request.
  Time since last request: 0.000058 seconds.
  path: Assets/Poses/adventurer_walk2.png
  artifactKey: Guid(9401af7263109a345b51eb612dd48fe9) Importer(815301076,1909f56bfc062723c751e8b465ee728b)
Start importing Assets/Poses/adventurer_walk2.png using Guid(9401af7263109a345b51eb612dd48fe9) Importer(815301076,1909f56bfc062723c751e8b465ee728b)  -> (artifact id: 'beb0474ee177b261a81681a24c471454') in 0.053491 seconds 
========================================================================
Received Import Request.
  Time since last request: 0.000058 seconds.
  path: Assets/Poses/adventurer_walk1_mirror.png
  artifactKey: Guid(ed95ff1ef30c6a14b84c1d6154597bfd) Importer(815301076,1909f56bfc062723c751e8b465ee728b)
Start importing Assets/Poses/adventurer_walk1_mirror.png using Guid(ed95ff1ef30c6a14b84c1d6154597bfd) Importer(815301076,1909f56bfc062723c751e8b465ee728b)  -> (artifact id: '26cb1d63b8a0270e2bb97d7b6f2882da') in 0.052210 seconds 
========================================================================
Received Import Request.
  Time since last request: 0.000038 seconds.
  path: Assets/Poses/adventurer_action2.png
  artifactKey: Guid(924946940c8108a47846e9561adbf7e7) Importer(815301076,1909f56bfc062723c751e8b465ee728b)
Start importing Assets/Poses/adventurer_action2.png using Guid(924946940c8108a47846e9561adbf7e7) Importer(815301076,1909f56bfc062723c751e8b465ee728b)  -> (artifact id: 'be042f8a66c1af07a34017cb5e3d20c6') in 0.060559 seconds 
========================================================================
Received Import Request.
  Time since last request: 0.000045 seconds.
  path: Assets/Poses/adventurer_idle_mirror.png
  artifactKey: Guid(f2c47742807bb0f4092d0c2e4185ade4) Importer(815301076,1909f56bfc062723c751e8b465ee728b)
Start importing Assets/Poses/adventurer_idle_mirror.png using Guid(f2c47742807bb0f4092d0c2e4185ade4) Importer(815301076,1909f56bfc062723c751e8b465ee728b)  -> (artifact id: '33d4d3ef46a4dc4e3c4c94fc566c79ea') in 0.060961 seconds 
========================================================================
Received Import Request.
  Time since last request: 0.000155 seconds.
  path: Assets/Poses/adventurer_swim2.png
  artifactKey: Guid(da38398dc7a3e7d4f883a85cd8b097f8) Importer(815301076,1909f56bfc062723c751e8b465ee728b)
Start importing Assets/Poses/adventurer_swim2.png using Guid(da38398dc7a3e7d4f883a85cd8b097f8) Importer(815301076,1909f56bfc062723c751e8b465ee728b)  -> (artifact id: '4aeb0aea006f8b3ffc750573a1ca4a18') in 0.089707 seconds 
========================================================================
Received Import Request.
  Time since last request: 0.000066 seconds.
  path: Packages/com.unity.ext.nunit/package.json
  artifactKey: Guid(8143d3a8390f2c64685e3bc272bd9e90) Importer(815301076,1909f56bfc062723c751e8b465ee728b)
Start importing Packages/com.unity.ext.nunit/package.json using Guid(8143d3a8390f2c64685e3bc272bd9e90) Importer(815301076,1909f56bfc062723c751e8b465ee728b)  -> (artifact id: 'b40fc5629c4141466786b845dfe4fc31') in 0.123110 seconds 
========================================================================
Received Import Request.
  Time since last request: 0.000050 seconds.
  path: Assets/Poses/adventurer_slide.png
  artifactKey: Guid(48d00d8f0abbfd3499c045c1b5458b36) Importer(815301076,1909f56bfc062723c751e8b465ee728b)
Start importing Assets/Poses/adventurer_slide.png using Guid(48d00d8f0abbfd3499c045c1b5458b36) Importer(815301076,1909f56bfc062723c751e8b465ee728b)  -> (artifact id: '3887a34f6b03fdf6ee2a35a9e8a4227e') in 0.043134 seconds 
========================================================================
Received Import Request.
  Time since last request: 0.000033 seconds.
  path: Assets/Poses/adventurer_idle.png
  artifactKey: Guid(208c654f1af24954787c5a459c7911d8) Importer(815301076,1909f56bfc062723c751e8b465ee728b)
Start importing Assets/Poses/adventurer_idle.png using Guid(208c654f1af24954787c5a459c7911d8) Importer(815301076,1909f56bfc062723c751e8b465ee728b)  -> (artifact id: 'fd2b78bb46893d2a7559802faab841e8') in 0.042845 seconds 
========================================================================
Received Import Request.
  Time since last request: 0.000049 seconds.
  path: Assets/Poses/adventurer_hold1.png
  artifactKey: Guid(98788951066124d47b51c11e9d1bd281) Importer(815301076,1909f56bfc062723c751e8b465ee728b)
Start importing Assets/Poses/adventurer_hold1.png using Guid(98788951066124d47b51c11e9d1bd281) Importer(815301076,1909f56bfc062723c751e8b465ee728b)  -> (artifact id: '187f846fa3a92feb36df7d29345fa8a1') in 0.050132 seconds 
========================================================================
Received Import Request.
  Time since last request: 0.000059 seconds.
  path: Assets/Poses/adventurer_jump.png
  artifactKey: Guid(8e829ef64ec246949892c03413f41410) Importer(815301076,1909f56bfc062723c751e8b465ee728b)
Start importing Assets/Poses/adventurer_jump.png using Guid(8e829ef64ec246949892c03413f41410) Importer(815301076,1909f56bfc062723c751e8b465ee728b)  -> (artifact id: '0a3460fc3557b13b27df4d791696752c') in 0.062852 seconds 
========================================================================
Received Import Request.
  Time since last request: 37.751246 seconds.
  path: Assets/Animation
  artifactKey: Guid(bd2e8ee80df64bb4a95ac57d8842e32c) Importer(815301076,1909f56bfc062723c751e8b465ee728b)
Start importing Assets/Animation using Guid(bd2e8ee80df64bb4a95ac57d8842e32c) Importer(815301076,1909f56bfc062723c751e8b465ee728b)  -> (artifact id: '58dec9deef7179dbc27f1c143c0d4973') in 0.019350 seconds 
========================================================================
Received Import Request.
  Time since last request: 451.982934 seconds.
  path: Assets/New Folder
  artifactKey: Guid(15ec7727983397d4b852a70deec59f07) Importer(815301076,1909f56bfc062723c751e8b465ee728b)
Start importing Assets/New Folder using Guid(15ec7727983397d4b852a70deec59f07) Importer(815301076,1909f56bfc062723c751e8b465ee728b)  -> (artifact id: 'c8f45d139fbddc6d1ee9f6c6e82cf874') in 0.024892 seconds 
========================================================================
Received Import Request.
  Time since last request: 99.023802 seconds.
  path: Assets/Sprites
  artifactKey: Guid(3842a045151cb6a4a9e8d72fd29f7ea5) Importer(815301076,1909f56bfc062723c751e8b465ee728b)
Start importing Assets/Sprites using Guid(3842a045151cb6a4a9e8d72fd29f7ea5) Importer(815301076,1909f56bfc062723c751e8b465ee728b)  -> (artifact id: 'fa57a9e4264cf434594f37df7b9e3d38') in 0.033616 seconds 
========================================================================
Received Import Request.
  Time since last request: 0.000077 seconds.
  path: Assets/Sprites/deckwithcat.png
  artifactKey: Guid(d89299a28ff332249b5cfd0686c48c3a) Importer(815301076,1909f56bfc062723c751e8b465ee728b)
Start importing Assets/Sprites/deckwithcat.png using Guid(d89299a28ff332249b5cfd0686c48c3a) Importer(815301076,1909f56bfc062723c751e8b465ee728b)  -> (artifact id: '7d8ba6b26f66f501db5d4e84a3717b62') in 0.518193 seconds 
========================================================================
Received Import Request.
  Time since last request: 0.000060 seconds.
  path: Assets/Sprites/dogecat.png
  artifactKey: Guid(bf70538f511f9d243a3c986b9e0595b8) Importer(815301076,1909f56bfc062723c751e8b465ee728b)
Start importing Assets/Sprites/dogecat.png using Guid(bf70538f511f9d243a3c986b9e0595b8) Importer(815301076,1909f56bfc062723c751e8b465ee728b)  -> (artifact id: '773d0cd994e6e5291f192b6175ca881e') in 0.100454 seconds 
========================================================================
Received Import Request.
  Time since last request: 0.000324 seconds.
  path: Assets/Sprites/barracks.png
  artifactKey: Guid(1f1392fda3d4c844d89e2834939e690b) Importer(815301076,1909f56bfc062723c751e8b465ee728b)
Start importing Assets/Sprites/barracks.png using Guid(1f1392fda3d4c844d89e2834939e690b) Importer(815301076,1909f56bfc062723c751e8b465ee728b)  -> (artifact id: '34386932da7d6d14639962f409c450d1') in 0.376326 seconds 
========================================================================
Received Import Request.
  Time since last request: 0.000080 seconds.
  path: Assets/Sprites/engineroom.png
  artifactKey: Guid(943be23a69ba19b4da2eeb2f9af00d6b) Importer(815301076,1909f56bfc062723c751e8b465ee728b)
Start importing Assets/Sprites/engineroom.png using Guid(943be23a69ba19b4da2eeb2f9af00d6b) Importer(815301076,1909f56bfc062723c751e8b465ee728b)  -> (artifact id: '0606a395588e36d180bf70d4d1b329f4') in 0.489059 seconds 
========================================================================
Received Import Request.
  Time since last request: 0.000055 seconds.
  path: Assets/Sprites/storage.png
  artifactKey: Guid(e76290ad2e209374dbb28e98eaee7e11) Importer(815301076,1909f56bfc062723c751e8b465ee728b)
Start importing Assets/Sprites/storage.png using Guid(e76290ad2e209374dbb28e98eaee7e11) Importer(815301076,1909f56bfc062723c751e8b465ee728b)  -> (artifact id: 'c958d8cd8412c3bb0c2945e33ccddd00') in 0.398809 seconds 
========================================================================
Received Import Request.
  Time since last request: 0.000102 seconds.
  path: Assets/Sprites/mainfloor.png
  artifactKey: Guid(c2b3a442567697e4d927c13251d464e8) Importer(815301076,1909f56bfc062723c751e8b465ee728b)
Start importing Assets/Sprites/mainfloor.png using Guid(c2b3a442567697e4d927c13251d464e8) Importer(815301076,1909f56bfc062723c751e8b465ee728b)  -> (artifact id: '80ddb6bfb5bc3fd01ac29c1e88228f69') in 0.374440 seconds 
========================================================================
Received Import Request.
  Time since last request: 0.000059 seconds.
  path: Assets/Sprites/theman.png
  artifactKey: Guid(8bf038a771f7f9c4ab88f8a5bd60aac7) Importer(815301076,1909f56bfc062723c751e8b465ee728b)
Start importing Assets/Sprites/theman.png using Guid(8bf038a771f7f9c4ab88f8a5bd60aac7) Importer(815301076,1909f56bfc062723c751e8b465ee728b)  -> (artifact id: '99c03f78bb0fee1e01da211687966a00') in 0.147871 seconds 
========================================================================
Received Import Request.
  Time since last request: 0.000049 seconds.
  path: Assets/Sprites/frontend.png
  artifactKey: Guid(b18c133cf824e8441b01be5ec68ab8b9) Importer(815301076,1909f56bfc062723c751e8b465ee728b)
Start importing Assets/Sprites/frontend.png using Guid(b18c133cf824e8441b01be5ec68ab8b9) Importer(815301076,1909f56bfc062723c751e8b465ee728b)  -> (artifact id: 'e642f572f6c65b31ca2f5735abec834f') in 0.351010 seconds 
========================================================================
Received Import Request.
  Time since last request: 0.000059 seconds.
  path: Assets/Sprites/commandcentretransition.png
  artifactKey: Guid(5e9d826821a00f649af50b2493de4acc) Importer(815301076,1909f56bfc062723c751e8b465ee728b)
Start importing Assets/Sprites/commandcentretransition.png using Guid(5e9d826821a00f649af50b2493de4acc) Importer(815301076,1909f56bfc062723c751e8b465ee728b)  -> (artifact id: 'a3723d9eaaa394d89b0d12f1747eade5') in 0.468259 seconds 
========================================================================
Received Import Request.
  Time since last request: 0.000052 seconds.
  path: Assets/Sprites/deck.png
  artifactKey: Guid(cd28b6c4b69c3ce4fb12e07c93c2c819) Importer(815301076,1909f56bfc062723c751e8b465ee728b)
Start importing Assets/Sprites/deck.png using Guid(cd28b6c4b69c3ce4fb12e07c93c2c819) Importer(815301076,1909f56bfc062723c751e8b465ee728b)  -> (artifact id: 'bd5b2828d95cfeec02d04c3dbc087ac3') in 0.353833 seconds 
========================================================================
Received Import Request.
  Time since last request: 0.000077 seconds.
  path: Assets/Sprites/flames.png
  artifactKey: Guid(d88ce5762aba6ae48ab9b45e7a532de7) Importer(815301076,1909f56bfc062723c751e8b465ee728b)
Start importing Assets/Sprites/flames.png using Guid(d88ce5762aba6ae48ab9b45e7a532de7) Importer(815301076,1909f56bfc062723c751e8b465ee728b)  -> (artifact id: '0ecfebdf1c9115dff98a4c51d3fac9da') in 0.195264 seconds 
========================================================================
Received Import Request.
  Time since last request: 0.000080 seconds.
  path: Assets/Sprites/fixedradio.png
  artifactKey: Guid(10b9d75e415bffa4c81f103c17510825) Importer(815301076,1909f56bfc062723c751e8b465ee728b)
Start importing Assets/Sprites/fixedradio.png using Guid(10b9d75e415bffa4c81f103c17510825) Importer(815301076,1909f56bfc062723c751e8b465ee728b)  -> (artifact id: '83ae5cd02aa8d562308a16f65a247b76') in 0.276593 seconds 
========================================================================
Received Import Request.
  Time since last request: 0.000053 seconds.
  path: Assets/Sprites/bradio.png
  artifactKey: Guid(4892cf017d4362c4a9cb55583814752e) Importer(815301076,1909f56bfc062723c751e8b465ee728b)
Start importing Assets/Sprites/bradio.png using Guid(4892cf017d4362c4a9cb55583814752e) Importer(815301076,1909f56bfc062723c751e8b465ee728b)  -> (artifact id: 'e63f61de15d718f0831f84d2ee039dc4') in 0.144052 seconds 
========================================================================
Received Import Request.
  Time since last request: 0.000080 seconds.
  path: Assets/Sprites/woodPlank.png
  artifactKey: Guid(556457e4301f9184893d20d68ec2a9d0) Importer(815301076,1909f56bfc062723c751e8b465ee728b)
Start importing Assets/Sprites/woodPlank.png using Guid(556457e4301f9184893d20d68ec2a9d0) Importer(815301076,1909f56bfc062723c751e8b465ee728b)  -> (artifact id: '0aa67fb48252dd1d4c314deec42ddc0c') in 0.128412 seconds 
========================================================================
Received Import Request.
  Time since last request: 0.000056 seconds.
  path: Assets/Sprites/deckwithpeople.png
  artifactKey: Guid(3c86d786833fcee4d8fad6c7aacd111f) Importer(815301076,1909f56bfc062723c751e8b465ee728b)
Start importing Assets/Sprites/deckwithpeople.png using Guid(3c86d786833fcee4d8fad6c7aacd111f) Importer(815301076,1909f56bfc062723c751e8b465ee728b)  -> (artifact id: '538b5f58a1dd95715775984c8848b385') in 0.370891 seconds 
